<?xml version="1.0" encoding="UTF-8"?>
<testng-results ignored="0" total="3" passed="3" failed="0" skipped="0">
  <reporter-output>
  </reporter-output>
  <suite started-at="2024-07-24T19:59:41 IST" name="Default suite" finished-at="2024-07-24T19:59:52 IST" duration-ms="10766">
    <groups>
    </groups>
    <test started-at="2024-07-24T19:59:41 IST" name="Default test" finished-at="2024-07-24T19:59:52 IST" duration-ms="10766">
      <class name="api.testcases.UserTest">
        <test-method is-config="true" signature="generatetestdata()[pri:0, instance:api.testcases.UserTest@564fabc8]" started-at="2024-07-24T19:59:41 IST" name="generatetestdata" finished-at="2024-07-24T19:59:41 IST" duration-ms="185" status="PASS">
          <reporter-output>
          </reporter-output>
        </test-method> <!-- generatetestdata -->
        <test-method signature="testcreateuser()[pri:1, instance:api.testcases.UserTest@564fabc8]" started-at="2024-07-24T19:59:41 IST" name="testcreateuser" finished-at="2024-07-24T19:59:45 IST" duration-ms="3760" status="PASS">
          <reporter-output>
          </reporter-output>
        </test-method> <!-- testcreateuser -->
        <test-method signature="testgetuser()[pri:2, instance:api.testcases.UserTest@564fabc8]" started-at="2024-07-24T19:59:45 IST" name="testgetuser" finished-at="2024-07-24T19:59:47 IST" duration-ms="2179" status="PASS">
          <reporter-output>
          </reporter-output>
        </test-method> <!-- testgetuser -->
        <test-method signature="testupdateuser()[pri:3, instance:api.testcases.UserTest@564fabc8]" started-at="2024-07-24T19:59:47 IST" name="testupdateuser" finished-at="2024-07-24T19:59:52 IST" duration-ms="4601" status="PASS">
          <reporter-output>
          </reporter-output>
        </test-method> <!-- testupdateuser -->
      </class> <!-- api.testcases.UserTest -->
    </test> <!-- Default test -->
  </suite> <!-- Default suite -->
</testng-results>
