<?xml version="1.0" encoding="UTF-8"?>
<!-- Generated by org.testng.reporters.JUnitXMLReporter -->
<testsuite ignored="0" hostname="ashishsri" failures="0" tests="3" name="Default test" time="10.766" errors="0" timestamp="2024-07-24T19:59:52 IST">
  <testcase classname="api.testcases.UserTest" name="testcreateuser" time="3.76"/>
  <testcase classname="api.testcases.UserTest" name="testgetuser" time="2.179"/>
  <testcase classname="api.testcases.UserTest" name="testupdateuser" time="4.601"/>
</testsuite> <!-- Default test -->
